[dotenv@17.2.3] injecting env (7) from .env -- tip: ⚙️  specify custom .env file path with { path: '/custom/path/.env' }
✅ Connected to MySQL
📦 DB synced
🚀 Server running on port 3000
🔔 Sample notifications seeded
[0mGET /api/notifications [32m200[0m 41.794 ms - 4271[0m
[0mGET /api/devices [32m200[0m 12.948 ms - 1808[0m
[0mGET /api/api/notifications?limit=50&offset=0 [33m404[0m 3.201 ms - 160[0m
[0mGET /api/notifications?limit=50&offset=0 [32m200[0m 10.871 ms - 4271[0m
[0mGET /api/api/notifications?limit=50&offset=0 [33m404[0m 0.478 ms - 160[0m
[0mGET /api/notifications?limit=50&offset=0 [32m200[0m 5.892 ms - 4271[0m
[0mGET /api/notifications/7 [32m200[0m 4.836 ms - 536[0m
[0mGET /api/notifications/13 [32m200[0m 6.885 ms - 453[0m
[0mGET /api/notifications/6 [32m200[0m 7.070 ms - 525[0m
[0mGET /api/api/notifications?limit=50&offset=0 [33m404[0m 1.797 ms - 160[0m
[0mGET /api/notifications?limit=50&offset=0 [32m200[0m 11.644 ms - 4271[0m
[0mGET /api/devices [32m200[0m 8.552 ms - 1808[0m
[0mGET /api/devices [32m200[0m 9.225 ms - 1808[0m
[0mGET /api/api/notifications?limit=50&offset=0 [33m404[0m 0.515 ms - 160[0m
[0mGET /api/notifications?limit=50&offset=0 [32m200[0m 13.845 ms - 4271[0m
[0mGET /api/notifications/7 [32m200[0m 6.460 ms - 536[0m
[0mPUT /api/devices/6 [32m200[0m 67.009 ms - 321[0m
[0mGET /api/api/notifications?limit=50&offset=0 [33m404[0m 0.502 ms - 160[0m
[0mGET /api/notifications?limit=50&offset=0 [32m200[0m 8.350 ms - 4271[0m
[0mGET /api/api/notifications?limit=50&offset=0 [33m404[0m 0.809 ms - 160[0m
[0mGET /api/notifications?limit=50&offset=0 [32m200[0m 6.134 ms - 4271[0m
[0mGET /api/api/notifications?limit=50&offset=0 [33m404[0m 0.881 ms - 160[0m
[0mGET /api/notifications?limit=50&offset=0 [32m200[0m 5.946 ms - 4271[0m
[0mGET /api/api/notifications?limit=50&offset=0 [33m404[0m 0.417 ms - 160[0m
[0mGET /api/notifications?limit=50&offset=0 [32m200[0m 6.531 ms - 4271[0m
[0mPUT /api/devices/6 [32m200[0m 64.762 ms - 299[0m
[0mGET /api/api/notifications?limit=50&offset=0 [33m404[0m 0.586 ms - 160[0m
[0mGET /api/notifications?limit=50&offset=0 [32m200[0m 7.676 ms - 4271[0m
[0mGET /api/api/notifications?limit=50&offset=0 [33m404[0m 0.730 ms - 160[0m
[0mGET /api/notifications?limit=50&offset=0 [32m200[0m 5.092 ms - 4271[0m
[0mGET /api/api/notifications?unreadOnly=true&limit=50&offset=0 [33m404[0m 1.361 ms - 160[0m
[0mGET /api/notifications?unreadOnly=true&limit=50&offset=0 [32m200[0m 9.599 ms - 2455[0m
[0mGET /api/api/notifications?limit=50&offset=0 [33m404[0m 0.743 ms - 160[0m
[0mGET /api/notifications?limit=50&offset=0 [32m200[0m 7.036 ms - 4271[0m
[0mGET /api/api/notifications?unreadOnly=false&limit=50&offset=0 [33m404[0m 0.697 ms - 160[0m
[0mGET /api/notifications?unreadOnly=false&limit=50&offset=0 [32m200[0m 4.710 ms - 4271[0m
[0mGET /api/api/notifications?limit=50&offset=0 [33m404[0m 0.712 ms - 160[0m
[0mGET /api/notifications?limit=50&offset=0 [32m200[0m 4.601 ms - 4271[0m
[0mGET /api/api/notifications?limit=50&offset=0 [33m404[0m 0.583 ms - 160[0m
[0mGET /api/notifications?limit=50&offset=0 [32m200[0m 7.499 ms - 4271[0m
[0mGET /api/notifications/7 [32m200[0m 4.014 ms - 536[0m
[0mPUT /api/devices/6 [32m200[0m 67.156 ms - 321[0m
[0mGET /api/api/notifications?limit=50&offset=0 [33m404[0m 0.621 ms - 160[0m
[0mGET /api/notifications?limit=50&offset=0 [32m200[0m 9.376 ms - 4271[0m
[0mGET /api/api/notifications?unreadOnly=true&limit=50&offset=0 [33m404[0m 0.763 ms - 160[0m
[0mGET /api/notifications?unreadOnly=true&limit=50&offset=0 [32m200[0m 5.189 ms - 2455[0m
[0mGET /api/notifications [32m200[0m 8.266 ms - 4874[0m
[0mGET /api/notifications [32m200[0m 5.213 ms - 4874[0m
[0mGET /api/devices [32m200[0m 14.060 ms - 1814[0m
[0mGET /api/api/notifications?limit=50&offset=0 [33m404[0m 0.683 ms - 160[0m
[0mGET /api/notifications?limit=50&offset=0 [32m200[0m 12.495 ms - 4874[0m
[0mGET /api/api/notifications?limit=50&offset=0 [33m404[0m 0.466 ms - 160[0m
[0mGET /api/notifications?limit=50&offset=0 [32m200[0m 4.876 ms - 4874[0m
[0mPUT /api/devices/6 [32m200[0m 87.150 ms - 321[0m
[0mGET /api/api/notifications?limit=50&offset=0 [33m404[0m 0.676 ms - 160[0m
[0mGET /api/notifications?limit=50&offset=0 [32m200[0m 9.084 ms - 4874[0m
[0mGET /api/api/notifications?limit=50&offset=0 [33m404[0m 1.020 ms - 160[0m
[0mGET /api/notifications?limit=50&offset=0 [32m200[0m 5.605 ms - 4874[0m
[0mGET /api/notifications/15 [32m200[0m 3.329 ms - 633[0m
[0mGET /api/api/notifications?limit=50&offset=0 [33m404[0m 0.470 ms - 160[0m
[0mGET /api/notifications?limit=50&offset=0 [32m200[0m 6.111 ms - 4874[0m
[0mGET /api/notifications/15 [32m200[0m 4.051 ms - 633[0m
[0mGET /api/api/notifications?limit=50&offset=0 [33m404[0m 0.366 ms - 160[0m
[0mGET /api/notifications?limit=50&offset=0 [32m200[0m 4.869 ms - 4874[0m
[0mGET /api/api/notifications?limit=50&offset=0 [33m404[0m 0.352 ms - 160[0m
[0mGET /api/notifications?limit=50&offset=0 [32m200[0m 4.668 ms - 4874[0m
[0mGET /api/api/notifications?limit=50&offset=0 [33m404[0m 0.640 ms - 160[0m
[0mGET /api/notifications?limit=50&offset=0 [32m200[0m 7.158 ms - 4874[0m
[0mGET /api/api/notifications?limit=50&offset=0 [33m404[0m 0.881 ms - 160[0m
[0mGET /api/notifications?limit=50&offset=0 [32m200[0m 7.709 ms - 4874[0m
[0mGET /api/api/notifications?limit=50&offset=0 [33m404[0m 0.593 ms - 160[0m
[0mGET /api/notifications?limit=50&offset=0 [32m200[0m 4.321 ms - 4874[0m
[0mGET /api/api/notifications?limit=50&offset=0 [33m404[0m 0.594 ms - 160[0m
[0mGET /api/notifications?limit=50&offset=0 [32m200[0m 5.638 ms - 4874[0m
